<?xml version="1.0" encoding="UTF-8"?>
<testng-results skipped="0" failed="0" ignored="0" total="2" passed="2">
  <reporter-output>
  </reporter-output>
  <suite name="Default suite" duration-ms="71439" started-at="2020-01-02T04:07:23 IST" finished-at="2020-01-02T04:08:34 IST">
    <groups>
    </groups>
    <test name="Default test" duration-ms="71439" started-at="2020-01-02T04:07:23 IST" finished-at="2020-01-02T04:08:34 IST">
      <class name="tests.TestCases">
        <test-method status="PASS" signature="setup()[pri:0, instance:tests.TestCases@67205a84]" name="setup" is-config="true" duration-ms="23069" started-at="2020-01-02T04:07:23 IST" finished-at="2020-01-02T04:07:46 IST">
          <reporter-output>
          </reporter-output>
        </test-method> <!-- setup -->
        <test-method status="PASS" signature="testOneCorrectPayment()[pri:0, instance:tests.TestCases@67205a84]" name="testOneCorrectPayment" duration-ms="30779" started-at="2020-01-02T04:07:46 IST" finished-at="2020-01-02T04:08:17 IST">
          <reporter-output>
          </reporter-output>
        </test-method> <!-- testOneCorrectPayment -->
        <test-method status="PASS" signature="testTwoWrongPayment()[pri:0, instance:tests.TestCases@67205a84]" name="testTwoWrongPayment" duration-ms="15771" started-at="2020-01-02T04:08:17 IST" finished-at="2020-01-02T04:08:33 IST">
          <reporter-output>
          </reporter-output>
        </test-method> <!-- testTwoWrongPayment -->
        <test-method status="PASS" signature="teardown()[pri:0, instance:tests.TestCases@67205a84]" name="teardown" is-config="true" duration-ms="1763" started-at="2020-01-02T04:08:33 IST" finished-at="2020-01-02T04:08:34 IST">
          <reporter-output>
          </reporter-output>
        </test-method> <!-- teardown -->
      </class> <!-- tests.TestCases -->
    </test> <!-- Default test -->
  </suite> <!-- Default suite -->
</testng-results>
